<?xml version="1.0" encoding="UTF-8"?>
<testsuite xmlns:xsi="http://www.w3.org/2001/XMLSchema-instance" xsi:noNamespaceSchemaLocation="https://maven.apache.org/surefire/maven-surefire-plugin/xsd/surefire-test-report.xsd" name="edu.sc.bse3211.meetingplanner.CalendarTest" time="0.118" tests="6" errors="1" skipped="0" failures="3">
  <properties>
[...]
</properties>
  <testcase name="testPrintAgenda" classname="edu.sc.bse3211.meetingplanner.CalendarTest" time="0.016">
    <failure type="java.lang.AssertionError">java.lang.AssertionError
	at edu.sc.bse3211.meetingplanner.CalendarTest.testPrintAgenda(CalendarTest.java:117)
</failure>
    <system-out><![CDATA[Agenda for 5:
5/10, 13 - 14,B101: Meeting 1
Attending: Namuli Sylvia
5/18, 9 - 11,C205: Meeting 2
Attending: Ainomugisha Priscilla

]]></system-out>
  </testcase>
  <testcase name="testAddMeeting_holiday" classname="edu.sc.bse3211.meetingplanner.CalendarTest" time="0.001"/>
  <testcase name="testAddMeeting_meetingsOverlap" classname="edu.sc.bse3211.meetingplanner.CalendarTest" time="0.005">
    <error message="Cannot invoke &quot;String.equals(Object)&quot; because the return value of &quot;edu.sc.bse3211.meetingplanner.Meeting.getDescription()&quot; is null" type="java.lang.NullPointerException">java.lang.NullPointerException: Cannot invoke "String.equals(Object)" because the return value of "edu.sc.bse3211.meetingplanner.Meeting.getDescription()" is null
	at edu.sc.bse3211.meetingplanner.CalendarTest.testAddMeeting_meetingsOverlap(CalendarTest.java:58)
</error>
  </testcase>
  <testcase name="testClearSchedule" classname="edu.sc.bse3211.meetingplanner.CalendarTest" time="0"/>
  <testcase name="testAddMeeting_SameStartTimeEndTime" classname="edu.sc.bse3211.meetingplanner.CalendarTest" time="0.009">
    <failure message="expected:&lt;...tarts before it ends[]&gt; but was:&lt;...tarts before it ends[.]&gt;" type="org.junit.ComparisonFailure"><![CDATA[org.junit.ComparisonFailure: expected:<...tarts before it ends[]> but was:<...tarts before it ends[.]>
	at edu.sc.bse3211.meetingplanner.CalendarTest.testAddMeeting_SameStartTimeEndTime(CalendarTest.java:131)
]]></failure>
  </testcase>
  <testcase name="testAddMeeting_invalidDate" classname="edu.sc.bse3211.meetingplanner.CalendarTest" time="0.003">
    <failure message="Should throw exception for an invalid date." type="java.lang.AssertionError">java.lang.AssertionError: Should throw exception for an invalid date.
	at edu.sc.bse3211.meetingplanner.CalendarTest.testAddMeeting_invalidDate(CalendarTest.java:41)
</failure>
  </testcase>
</testsuite>