<?xml version="1.0" encoding="UTF-8"?>
<testsuite xmlns:xsi="http://www.w3.org/2001/XMLSchema-instance" xsi:noNamespaceSchemaLocation="https://maven.apache.org/surefire/maven-surefire-plugin/xsd/surefire-test-report.xsd" name="edu.sc.bse3211.meetingplanner.CalendarTest" time="0.13" tests="4" errors="0" skipped="0" failures="1">
  <properties>
[...]
</properties>
  <testcase name="testAddMeeting_holiday" classname="edu.sc.bse3211.meetingplanner.CalendarTest" time="0.013"/>
  <testcase name="testClearScheduleOnDayWithNoMeeting" classname="edu.sc.bse3211.meetingplanner.CalendarTest" time="0.001"/>
  <testcase name="testClearSchedule" classname="edu.sc.bse3211.meetingplanner.CalendarTest" time="0.001"/>
  <testcase name="testAddMeetingSameDay" classname="edu.sc.bse3211.meetingplanner.CalendarTest" time="0.009">
    <failure message="Method addMeeting() has thrown the exception: Overlap with another item - First Meeting - scheduled from 0 and 23" type="java.lang.AssertionError">java.lang.AssertionError: Method addMeeting() has thrown the exception: Overlap with another item - First Meeting - scheduled from 0 and 23
	at edu.sc.bse3211.meetingplanner.CalendarTest.testAddMeetingSameDay(CalendarTest.java:40)
</failure>
  </testcase>
</testsuite>