<?xml version="1.0" encoding="UTF-8"?>
<testsuite xmlns:xsi="http://www.w3.org/2001/XMLSchema-instance" xsi:noNamespaceSchemaLocation="https://maven.apache.org/surefire/maven-surefire-plugin/xsd/surefire-test-report.xsd" name="edu.sc.bse3211.meetingplanner.RoomTest" time="0.048" tests="7" errors="0" skipped="0" failures="0">
  <properties>
[...]
</properties>
  <testcase name="testAddMeeting_TimeConflictException" classname="edu.sc.bse3211.meetingplanner.RoomTest" time="0"/>
  <testcase name="testPrintAgenda_ByDay_NormalExecution" classname="edu.sc.bse3211.meetingplanner.RoomTest" time="0.019"/>
  <testcase name="testRemoveMeeting_NormalExecution" classname="edu.sc.bse3211.meetingplanner.RoomTest" time="0"/>
  <testcase name="testPrintAgenda_ByMonth_NormalExecution" classname="edu.sc.bse3211.meetingplanner.RoomTest" time="0.012"/>
  <testcase name="testAddMeeting_NormalExecution" classname="edu.sc.bse3211.meetingplanner.RoomTest" time="0"/>
  <testcase name="testIsBusy_NoMeeting_NormalExecution" classname="edu.sc.bse3211.meetingplanner.RoomTest" time="0"/>
  <testcase name="testGetMeeting_NormalExecution" classname="edu.sc.bse3211.meetingplanner.RoomTest" time="0"/>
</testsuite>